[0mGET /company/jobs [36m304 [0m27.542 ms - -[0m
[0mGET /company/css/layout.css [33m404 [0m5.915 ms - 161[0m
[0mGET /company/jobs [36m304 [0m6.195 ms - -[0m
[0mGET /company/home [32m200 [0m9.326 ms - 3831[0m
[0mGET /company/css/layout.css [33m404 [0m3.375 ms - 161[0m
[0mGET /company/home [36m304 [0m6.120 ms - -[0m
[0mGET /company/home [36m304 [0m6.076 ms - -[0m
[0mGET /company/css/layout.css [33m404 [0m3.587 ms - 161[0m
[0mGET /company/home [36m304 [0m5.428 ms - -[0m
[0mGET /company/home [36m304 [0m40.645 ms - -[0m
[0mGET /company/css/layout.css [33m404 [0m5.199 ms - 161[0m
[0mGET /company/home [36m304 [0m13.761 ms - -[0m
[0mGET /company/css/layout.css [33m404 [0m4.386 ms - 161[0m
[0mGET /company/home [32m200 [0m33.520 ms - 3966[0m
[0mGET /company/css/layout.css [33m404 [0m6.280 ms - 161[0m
[0mGET /company/home [36m304 [0m25.047 ms - -[0m
[0mGET / [32m200 [0m13.408 ms - 5273[0m
[0mGET / [36m304 [0m8.107 ms - -[0m
[0mGET / [32m200 [0m12.483 ms - 5273[0m
[0mGET / [36m304 [0m7.741 ms - -[0m
[0mGET /job/create [32m200 [0m7.811 ms - 4029[0m
[0mGET /job/css/layout.css [33m404 [0m3.861 ms - 157[0m
[0mGET /job/create [36m304 [0m4.552 ms - -[0m
[0mGET /job/create [32m200 [0m5.465 ms - 4031[0m
[0mGET /job/css/layout.css [33m404 [0m4.094 ms - 157[0m
[0mGET /job/create [36m304 [0m4.344 ms - -[0m
[0mGET /company/jobs [32m200 [0m11.854 ms - 3935[0m
[0mGET /company/css/layout.css [33m404 [0m3.221 ms - 161[0m
[0mGET /company/jobs [36m304 [0m5.793 ms - -[0m
[0mGET /job/create [36m304 [0m5.139 ms - -[0m
[0mGET /job/css/layout.css [33m404 [0m3.264 ms - 157[0m
[0mGET /job/create [36m304 [0m4.106 ms - -[0m
[0mGET / [32m200 [0m8.556 ms - 5275[0m
[0mGET / [36m304 [0m13.488 ms - -[0m
[0mGET / [31m500 [0m11.254 ms - 2437[0m
[0mGET / [31m500 [0m9.665 ms - 2437[0m
[0mGET /job/create [32m200 [0m22.637 ms - 4051[0m
[0mGET /job/create [36m304 [0m5.507 ms - -[0m
[0mGET /job/css/layout.css [33m404 [0m4.059 ms - 157[0m
[0mGET /job/create [36m304 [0m4.585 ms - -[0m
[0mGET /company/home [32m200 [0m29.699 ms - 3988[0m
[0mGET /company/css/layout.css [33m404 [0m3.757 ms - 161[0m
[0mGET /company/home [36m304 [0m17.028 ms - -[0m
[0mGET /company/home [31m500 [0m16.762 ms - 2437[0m
[0mGET /company/home [31m500 [0m29.600 ms - 2437[0m
[0mGET /job/create [36m304 [0m26.963 ms - -[0m
[0mGET /company/home [32m200 [0m31.001 ms - 3988[0m
[0mGET /company/css/layout.css [33m404 [0m7.570 ms - 161[0m
[0mGET /company/home [36m304 [0m15.757 ms - -[0m
[0mGET /users/sign-out [36m302 [0m9.842 ms - 46[0m
[0mGET / [31m500 [0m11.430 ms - 3287[0m
[0mGET / [31m500 [0m6.247 ms - 3287[0m
[0mGET / [32m200 [0m2084.785 ms - 4395[0m
[0mGET / [36m304 [0m7.174 ms - -[0m
[0mGET / [32m200 [0m9.316 ms - 4444[0m
[0mGET / [36m304 [0m6.454 ms - -[0m
[0mGET / [36m304 [0m6.771 ms - -[0m
[0mGET / [36m304 [0m6.459 ms - -[0m
[0mGET /users/sign-in [32m200 [0m3.819 ms - 3983[0m
[0mGET /users/css/layout.css [33m404 [0m4.289 ms - 159[0m
[0mGET /users/sign-in [36m304 [0m3.154 ms - -[0m
[0mPOST /users/create-session [36m302 [0m7.993 ms - 70[0m
[0mGET /company/home [32m200 [0m22.317 ms - 4144[0m
[0mGET /company/css/layout.css [33m404 [0m4.648 ms - 161[0m
[0mGET /company/home [32m200 [0m15.605 ms - 3998[0m
[0mGET /company/home [36m304 [0m16.178 ms - -[0m
[0mGET /company/css/layout.css [33m404 [0m3.272 ms - 161[0m
[0mGET /company/home [36m304 [0m15.143 ms - -[0m
[0mGET /company/jobs [32m200 [0m7.322 ms - 3965[0m
[0mGET /company/css/layout.css [33m404 [0m3.217 ms - 161[0m
[0mGET /company/jobs [36m304 [0m5.741 ms - -[0m
[0mGET /users/sign-out [36m302 [0m5.678 ms - 46[0m
[0mGET / [32m200 [0m9.365 ms - 4587[0m
[0mGET / [32m200 [0m5.577 ms - 4444[0m
[0mGET /users/sign-in [36m304 [0m7.026 ms - -[0m
[0mGET /users/css/layout.css [33m404 [0m2.216 ms - 159[0m
[0mGET /users/sign-in [36m304 [0m2.524 ms - -[0m
[0mPOST /users/create-session [36m302 [0m4.097 ms - 46[0m
[0mGET / [32m200 [0m7.058 ms - 5375[0m
[0mGET / [32m200 [0m30.302 ms - 5229[0m
[0mGET /users/sign-out [36m302 [0m20.885 ms - 46[0m
[0mGET / [32m200 [0m16.977 ms - 4587[0m
[0mGET / [32m200 [0m9.623 ms - 4444[0m
[0mGET /users/sign-in [36m304 [0m4.533 ms - -[0m
[0mGET /users/css/layout.css [33m404 [0m2.634 ms - 159[0m
[0mGET /users/sign-in [36m304 [0m4.874 ms - -[0m
[0mPOST /users/create-session [36m302 [0m6.258 ms - 70[0m
[0mGET /company/home [32m200 [0m23.384 ms - 4144[0m
[0mGET /company/css/layout.css [33m404 [0m3.724 ms - 161[0m
[0mGET /company/home [32m200 [0m10.649 ms - 3998[0m
[0mGET /company/jobs [36m304 [0m12.476 ms - -[0m
[0mGET /company/css/layout.css [33m404 [0m3.636 ms - 161[0m
[0mGET /company/jobs [36m304 [0m4.732 ms - -[0m
[0mGET /company/home [36m304 [0m40.185 ms - -[0m
[0mGET /company/css/layout.css [33m404 [0m2.750 ms - 161[0m
[0mGET /company/home [36m304 [0m17.144 ms - -[0m
[0mGET / [36m304 [0m106.523 ms - -[0m
[0mGET / [36m304 [0m18.903 ms - -[0m
[0mGET /users/sign-in [36m304 [0m9.368 ms - -[0m
[0mGET /users/css/layout.css [33m404 [0m3.274 ms - 159[0m
[0mGET /users/sign-in [36m304 [0m5.622 ms - -[0m
[0mPOST /users/create-session [36m302 [0m7.041 ms - 70[0m
[0mGET /company/home [32m200 [0m86.717 ms - 4144[0m
[0mGET /company/css/layout.css [33m404 [0m4.816 ms - 161[0m
[0mGET /company/home [32m200 [0m36.359 ms - 3998[0m
[0mGET /company/jobs [36m304 [0m14.972 ms - -[0m
[0mGET /company/css/layout.css [33m404 [0m4.742 ms - 161[0m
[0mGET /company/home [36m304 [0m50.759 ms - -[0m
[0mGET /company/home [36m304 [0m40.674 ms - -[0m
[0mGET /company/css/layout.css [33m404 [0m6.543 ms - 161[0m
[0mGET /users/sign-in [36m302 [0m3.800 ms - 36[0m
[0mGET /users/profile [33m404 [0m5.543 ms - 152[0m
[0mPOST /users/create-session [36m302 [0m10.775 ms - 70[0m
[0mGET /company/home [32m200 [0m60.139 ms - 4144[0m
[0mGET /company/css/layout.css [33m404 [0m4.205 ms - 161[0m
[0mGET /company/home [32m200 [0m49.197 ms - 3998[0m
[0mGET /users/sign-out [36m302 [0m8.950 ms - 46[0m
[0mGET / [32m200 [0m14.809 ms - 4587[0m
[0mGET / [32m200 [0m10.533 ms - 4444[0m
[0mGET /users/sign-up [32m200 [0m291.223 ms - 4520[0m
[0mGET /users/css/layout.css [33m404 [0m2.857 ms - 159[0m
[0mGET /users/sign-up [36m304 [0m5.437 ms - -[0m
[0mGET /users/sign-in [32m200 [0m7.560 ms - 3983[0m
[0mGET /users/css/layout.css [33m404 [0m2.386 ms - 159[0m
[0mGET /users/sign-in [36m304 [0m5.643 ms - -[0m
[0mPOST /users/create-session [36m302 [0m4.882 ms - 46[0m
[0mGET / [32m200 [0m13.181 ms - 5375[0m
[0mGET / [32m200 [0m14.027 ms - 5229[0m
[0mGET /users/sign-out [36m302 [0m5.218 ms - 46[0m
[0mGET / [32m200 [0m12.292 ms - 4587[0m
[0mGET / [32m200 [0m14.806 ms - 4444[0m
[0mGET /users/sign-in [36m304 [0m9.391 ms - -[0m
[0mGET /users/css/layout.css [33m404 [0m3.358 ms - 159[0m
[0mGET /users/sign-in [36m304 [0m7.589 ms - -[0m
[0mPOST /users/create-session [36m302 [0m7.333 ms - 46[0m
[0mGET / [32m200 [0m8.703 ms - 4591[0m
[0mGET / [32m200 [0m16.968 ms - 4444[0m
[0mGET /users/sign-in [36m304 [0m8.582 ms - -[0m
[0mGET /users/css/layout.css [33m404 [0m2.816 ms - 159[0m
[0mGET /users/sign-in [36m304 [0m6.464 ms - -[0m
[0mPOST /users/create-session [36m302 [0m4.790 ms - 70[0m
[0mGET /company/home [32m200 [0m47.368 ms - 4144[0m
[0mGET /company/css/layout.css [33m404 [0m4.457 ms - 161[0m
[0mGET /company/home [32m200 [0m43.069 ms - 3998[0m
[0mGET /company/home [36m304 [0m110.355 ms - -[0m
[0mGET /company/css/layout.css [33m404 [0m8.925 ms - 161[0m
[0mGET /company/home [36m304 [0m56.992 ms - -[0m
[0mGET / [32m200 [0m28.865 ms - 5305[0m
[0mGET / [36m304 [0m14.170 ms - -[0m
[0mGET / [36m304 [0m15.729 ms - -[0m
[0mGET / [36m304 [0m14.279 ms - -[0m
[0mGET / [36m304 [0m20.639 ms - -[0m
[0mGET / [36m304 [0m12.575 ms - -[0m
[0mGET / [36m304 [0m27.560 ms - -[0m
[0mGET / [36m304 [0m11.777 ms - -[0m
[0mGET / [32m200 [0m17.091 ms - 5345[0m
[0mGET / [36m304 [0m27.525 ms - -[0m
[0mGET / [32m200 [0m19.966 ms - 5387[0m
[0mGET / [36m304 [0m12.313 ms - -[0m
[0mGET / [36m304 [0m16.902 ms - -[0m
[0mGET / [36m304 [0m16.672 ms - -[0m
[0mGET / [32m200 [0m10.261 ms - 4444[0m
[0mGET /company/home [32m200 [0m60.726 ms - 3858[0m
[0mGET /company/css/layout.css [33m404 [0m10.683 ms - 161[0m
[0mGET /company/home [36m304 [0m40.302 ms - -[0m
[0mGET /company/home [32m200 [0m43.373 ms - 4165[0m
[0mGET /company/css/layout.css [33m404 [0m2.669 ms - 161[0m
[0mGET /company/home [36m304 [0m25.931 ms - -[0m
[0mGET /company/home [32m200 [0m42.016 ms - 4264[0m
[0mGET /company/css/layout.css [33m404 [0m2.591 ms - 161[0m
[0mGET /company/home [36m304 [0m35.090 ms - -[0m
[0mGET /company/home [36m304 [0m36.442 ms - -[0m
[0mGET /company/home [32m200 [0m85.363 ms - 4327[0m
[0mGET /company/css/layout.css [33m404 [0m2.897 ms - 161[0m
[0mGET /company/home [36m304 [0m43.356 ms - -[0m
[0mGET /company/home [36m304 [0m54.673 ms - -[0m
[0mGET /company/css/layout.css [33m404 [0m2.907 ms - 161[0m
[0mGET /company/home [36m304 [0m36.785 ms - -[0m
[0mGET /company/home [32m200 [0m37.230 ms - 4372[0m
[0mGET /company/css/layout.css [33m404 [0m2.801 ms - 161[0m
[0mGET /company/home [36m304 [0m92.945 ms - -[0m
[0mGET /company/home [32m200 [0m49.204 ms - 4428[0m
[0mGET /company/css/layout.css [33m404 [0m2.865 ms - 161[0m
[0mGET /company/home [36m304 [0m25.220 ms - -[0m
[0mGET /company/home [32m200 [0m57.051 ms - 4396[0m
[0mGET /company/css/layout.css [33m404 [0m3.633 ms - 161[0m
[0mGET /company/home [36m304 [0m52.697 ms - -[0m
[0mGET /company/home [32m200 [0m59.793 ms - 4495[0m
[0mGET /company/css/layout.css [33m404 [0m1987.920 ms - 161[0m
[0mGET /company/home [36m304 [0m35.395 ms - -[0m
[0mGET /company/home [31m500 [0m49.576 ms - 1704[0m
[0mGET /company/home [31m500 [0m35.417 ms - 1704[0m
[0mGET /company/home [31m500 [0m50.512 ms - 1736[0m
[0mGET /company/home [31m500 [0m41.181 ms - 1736[0m
[0mGET /company/home [32m200 [0m39.804 ms - 4519[0m
[0mGET /company/css/layout.css [33m404 [0m3.226 ms - 161[0m
[0mGET /company/home [36m304 [0m40.501 ms - -[0m
[0mGET /company/home [32m200 [0m46.011 ms - 4480[0m
[0mGET /company/css/layout.css [33m404 [0m3.368 ms - 161[0m
[0mGET /company/home [36m304 [0m29.662 ms - -[0m
[0mGET /company/home [32m200 [0m40.971 ms - 4636[0m
[0mGET /company/css/layout.css [33m404 [0m3.578 ms - 161[0m
[0mGET /company/home [36m304 [0m35.582 ms - -[0m
[0mGET /company/home [32m200 [0m64.934 ms - 4648[0m
[0mGET /company/css/layout.css [33m404 [0m3.354 ms - 161[0m
[0mGET /company/home [36m304 [0m48.995 ms - -[0m
[0mGET /company/home [32m200 [0m107.950 ms - 4685[0m
[0mGET /company/css/layout.css [33m404 [0m5.467 ms - 161[0m
[0mGET /company/home [36m304 [0m44.828 ms - -[0m
[0mGET /company/css/layout.css [33m404 [0m5.691 ms - 161[0m
[0mGET /company/home [32m200 [0m61.033 ms - 4710[0m
[0mGET /company/css/layout.css [33m404 [0m2.143 ms - 161[0m
[0mGET /company/home [36m304 [0m44.114 ms - -[0m
[0mGET /company/home [32m200 [0m108.358 ms - 4704[0m
[0mGET /company/css/layout.css [33m404 [0m4.398 ms - 161[0m
[0mGET /company/css/layout.css [33m404 [0m11.618 ms - 161[0m
[0mGET /company/home [36m304 [0m111.453 ms - -[0m
[0mGET /company/home [32m200 [0m132.931 ms - 4725[0m
[0mGET /company/css/layout.css [33m404 [0m8.182 ms - 161[0m
[0mGET /company/home [36m304 [0m113.956 ms - -[0m
[0mGET /company/home [32m200 [0m131.809 ms - 4761[0m
[0mGET /company/css/layout.css [33m404 [0m7.131 ms - 161[0m
[0mGET /company/home [36m304 [0m54.675 ms - -[0m
[0mGET /company/home [36m304 [0m59.264 ms - -[0m
[0mGET /users/sign-in [32m200 [0m7.283 ms - 4314[0m
[0mGET /users/css/layout.css [33m404 [0m3.192 ms - 159[0m
[0mGET /users/sign-in [36m304 [0m11.835 ms - -[0m
[0mGET /users/sign-up [32m200 [0m7.828 ms - 4851[0m
[0mGET /users/css/layout.css [33m404 [0m2.257 ms - 159[0m
[0mGET /users/sign-up [36m304 [0m5.477 ms - -[0m
[0mGET /users/sign-up [36m304 [0m14.546 ms - -[0m
[0mGET /users/css/layout.css [33m404 [0m3.101 ms - 159[0m
[0mGET /users/sign-up [36m304 [0m6.461 ms - -[0m
[0mGET / [32m200 [0m11.282 ms - 4775[0m
[0mGET / [36m304 [0m23.389 ms - -[0m
[0mGET / [36m304 [0m13.448 ms - -[0m
[0mGET / [36m304 [0m15.329 ms - -[0m
[0mGET /users/sign-in [36m304 [0m5.957 ms - -[0m
[0mGET /users/css/layout.css [33m404 [0m3.774 ms - 159[0m
[0mGET /company/home [32m200 [0m41.006 ms - 4803[0m
[0mGET /company/css/layout.css [33m404 [0m2.763 ms - 161[0m
[0mGET /company/home [36m304 [0m62.662 ms - -[0m
[0mGET /company/home [32m200 [0m139.552 ms - 4775[0m
[0mGET /company/css/layout.css [33m404 [0m4.935 ms - 161[0m
[0mGET /company/home [36m304 [0m130.322 ms - -[0m
[0mGET /company/home [32m200 [0m96.545 ms - 4802[0m
[0mGET /company/css/layout.css [33m404 [0m4.106 ms - 161[0m
[0mGET /company/home [36m304 [0m143.760 ms - -[0m
[0mGET /company/home [32m200 [0m76.812 ms - 4797[0m
[0mGET /company/css/layout.css [33m404 [0m2.760 ms - 161[0m
[0mGET /company/home [36m304 [0m127.615 ms - -[0m
[0mGET /company/home [32m200 [0m38.213 ms - 4802[0m
[0mGET /company/css/layout.css [33m404 [0m2.482 ms - 161[0m
[0mGET /company/home [36m304 [0m132.811 ms - -[0m
[0mGET /company/css/layout.css [33m404 [0m3.288 ms - 161[0m
[0mGET /company/home [32m200 [0m28.112 ms - 4798[0m
[0mGET /company/css/layout.css [33m404 [0m2.737 ms - 161[0m
[0mGET /company/home [36m304 [0m31.363 ms - -[0m
[0mGET /company/home [32m200 [0m35.446 ms - 4785[0m
[0mGET /company/css/layout.css [33m404 [0m2.391 ms - 161[0m
[0mGET /company/home [36m304 [0m50.115 ms - -[0m
[0mGET /users/sign-in [32m200 [0m5.374 ms - 4338[0m
[0mGET /users/css/layout.css [33m404 [0m2.438 ms - 159[0m
[0mGET /users/sign-in [36m304 [0m13.963 ms - -[0m
[0mGET /users/sign-in [36m304 [0m5.401 ms - -[0m
[0mGET /users/css/layout.css [33m404 [0m2.104 ms - 159[0m
[0mGET /users/sign-in [36m304 [0m10.022 ms - -[0m
[0mPOST /users/create-session [36m302 [0m28.921 ms - 70[0m
[0mGET /company/home [32m200 [0m134.320 ms - 5767[0m
[0mGET /company/css/layout.css [33m404 [0m10.443 ms - 161[0m
[0mGET /company/home [32m200 [0m101.157 ms - 5621[0m
[0mGET /company/jobs [32m200 [0m12.937 ms - 4320[0m
[0mGET /company/css/layout.css [33m404 [0m6.392 ms - 161[0m
[0mGET /company/jobs [36m304 [0m20.720 ms - -[0m
[0mGET /job/delete/5e39b7df08a8aa76508566a6 [36m302 [0m10.440 ms - 112[0m
[0mGET /company/jobs [32m200 [0m9.819 ms - 4294[0m
[0mGET /company/css/layout.css [33m404 [0m6.897 ms - 161[0m
[0mGET /company/jobs [32m200 [0m20.356 ms - 4154[0m
[0mGET /company/jobs [32m200 [0m11.161 ms - 3987[0m
[0mGET /company/css/layout.css [33m404 [0m6.626 ms - 161[0m
[0mGET /job/create [32m200 [0m48.474 ms - 4416[0m
[0mGET /job/css/layout.css [33m404 [0m4.550 ms - 157[0m
[0mGET /job/create [36m304 [0m5.345 ms - -[0m
[0mGET /job/create [32m200 [0m5.375 ms - 4424[0m
[0mGET /job/css/layout.css [33m404 [0m3.727 ms - 157[0m
[0mGET /job/create [36m304 [0m7.208 ms - -[0m
[0mGET /job/create [32m200 [0m5.862 ms - 4414[0m
[0mGET /job/css/layout.css [33m404 [0m4.511 ms - 157[0m
[0mGET /job/create [36m304 [0m3.820 ms - -[0m
[0mPOST /job/create_job [36m302 [0m16.080 ms - 108[0m
[0mGET /job/create [32m200 [0m3.724 ms - 4550[0m
[0mGET /job/css/layout.css [33m404 [0m3.533 ms - 157[0m
[0mGET /job/create [32m200 [0m4.348 ms - 4414[0m
[0mGET /company/jobs [32m200 [0m12.013 ms - 4224[0m
[0mGET /company/css/layout.css [33m404 [0m2.723 ms - 161[0m
[0mGET /company/jobs [36m304 [0m5.045 ms - -[0m
[0mGET /users/sign-out [36m302 [0m7.397 ms - 46[0m
[0mGET / [32m200 [0m9.299 ms - 4942[0m
[0mGET / [32m200 [0m9.532 ms - 4799[0m
[0mGET /users/sign-in [36m304 [0m5.091 ms - -[0m
[0mGET /users/css/layout.css [33m404 [0m1.771 ms - 159[0m
[0mGET /users/css/layout.css [33m404 [0m2.314 ms - 159[0m
[0mGET /users/sign-in [36m304 [0m8.238 ms - -[0m
[0mGET /users/sign-up [32m200 [0m8.125 ms - 4875[0m
[0mGET /users/css/layout.css [33m404 [0m2.299 ms - 159[0m
[0mGET /users/sign-up [36m304 [0m6.026 ms - -[0m
[0mGET /users/sign-in [36m304 [0m6.208 ms - -[0m
[0mGET /users/css/layout.css [33m404 [0m3.306 ms - 159[0m
[0mGET /users/sign-in [36m304 [0m7.766 ms - -[0m
[0mPOST /users/create-session [36m302 [0m5.670 ms - 46[0m
[0mGET / [32m200 [0m11.375 ms - 5812[0m
[0mGET / [32m200 [0m15.329 ms - 5666[0m
[0mGET /users/profile/5e399172046b5071886277f6 [32m200 [0m291.541 ms - 4734[0m
[0mGET /users/profile/css/layout.css [33m404 [0m15.257 ms - 167[0m
[0mGET /users/profile/css/user_profile.css [33m404 [0m14.882 ms - 173[0m
[0mGET /users/profile/5e399172046b5071886277f6 [36m304 [0m9.704 ms - -[0m
[0mPOST /users/update/5e399172046b5071886277f6 [36m302 [0m70.488 ms - 164[0m
[0mGET /users/profile/5e399172046b5071886277f6 [32m200 [0m13.681 ms - 4777[0m
[0mGET /users/profile/css/layout.css [33m404 [0m10.216 ms - 167[0m
[0mGET /users/profile/css/user_profile.css [33m404 [0m12.721 ms - 173[0m
[0mGET /users/profile/5e399172046b5071886277f6 [36m304 [0m8.105 ms - -[0m
[0mGET /users/profile/5e399172046b5071886277f6 [36m304 [0m13.306 ms - -[0m
[0mGET /users/sign-out [36m302 [0m5.336 ms - 46[0m
[0mGET / [32m200 [0m8.141 ms - 4942[0m
[0mGET / [32m200 [0m11.108 ms - 4799[0m
[0mGET /users/sign-in [36m304 [0m8.029 ms - -[0m
[0mGET /users/css/layout.css [33m404 [0m2.090 ms - 159[0m
[0mGET /users/sign-in [36m304 [0m4.394 ms - -[0m
[0mPOST /users/create-session [36m302 [0m5.178 ms - 70[0m
[0mGET /company/home [32m200 [0m13.870 ms - 4758[0m
[0mGET /company/css/layout.css [33m404 [0m5.134 ms - 161[0m
[0mGET /company/home [32m200 [0m12.319 ms - 4612[0m
[0mGET /company/jobs [36m304 [0m10.734 ms - -[0m
[0mGET /company/css/layout.css [33m404 [0m4.790 ms - 161[0m
[0mGET /company/jobs [36m304 [0m7.231 ms - -[0m
[0mGET /job/create [36m304 [0m9.143 ms - -[0m
[0mGET /job/css/layout.css [33m404 [0m5.153 ms - 157[0m
[0mGET /job/create [36m304 [0m12.493 ms - -[0m
[0mPOST /job/create_job [36m302 [0m11.954 ms - 108[0m
[0mGET /job/create [32m200 [0m7.346 ms - 4550[0m
[0mGET /job/css/layout.css [33m404 [0m3.739 ms - 157[0m
[0mGET /job/create [32m200 [0m7.695 ms - 4414[0m
[0mGET /company/jobs [32m200 [0m9.726 ms - 4379[0m
[0mGET /company/css/layout.css [33m404 [0m5.468 ms - 161[0m
[0mGET /company/jobs [36m304 [0m9.693 ms - -[0m
[0mGET /job/delete/5e3a81874f71aa65ec3e456c [36m302 [0m7.038 ms - 112[0m
[0mGET /company/jobs [32m200 [0m7.724 ms - 4364[0m
[0mGET /company/css/layout.css [33m404 [0m3.866 ms - 161[0m
[0mGET /company/jobs [32m200 [0m7.870 ms - 4224[0m
[0mGET / [32m200 [0m12.215 ms - 5742[0m
[0mGET / [36m304 [0m10.558 ms - -[0m
[0mGET /users/profile/5e399172046b5071886277f6 [32m200 [0m9.074 ms - 4191[0m
[0mGET /users/profile/css/layout.css [33m404 [0m6.486 ms - 167[0m
[0mGET /users/profile/css/user_profile.css [33m404 [0m5.454 ms - 173[0m
[0mGET /users/profile/5e399172046b5071886277f6 [36m304 [0m11.018 ms - -[0m
[0mGET / [36m304 [0m10.932 ms - -[0m
[0mGET / [32m200 [0m49.596 ms - 4799[0m
[0mGET / [32m200 [0m4.152 ms - 4799[0m
[0mGET / [32m200 [0m6.538 ms - 4799[0m
[0mGET /users/sign-out [36m302 [0m2.694 ms - 46[0m
[0mGET / [32m200 [0m4.944 ms - 4942[0m
[0mGET / [32m200 [0m7.463 ms - 4799[0m
[0mGET /users/sign-up [36m304 [0m40.438 ms - -[0m
[0mGET /users/css/layout.css [33m404 [0m3.892 ms - 159[0m
[0mGET /users/sign-up [36m304 [0m2.988 ms - -[0m
[0mGET /users/sign-up [32m200 [0m3.977 ms - 4893[0m
[0mGET /users/css/layout.css [33m404 [0m1.711 ms - 159[0m
[0mGET /users/sign-up [36m304 [0m2.972 ms - -[0m
[0mGET /users/sign-up [32m200 [0m5.544 ms - 4901[0m
[0mGET /users/css/layout.css [33m404 [0m3.893 ms - 159[0m
[0mGET /users/sign-up [36m304 [0m2.893 ms - -[0m
[0mGET /users/sign-up [32m200 [0m3.376 ms - 4941[0m
[0mGET /users/css/layout.css [33m404 [0m2.519 ms - 159[0m
[0mGET /users/sign-up [36m304 [0m4.216 ms - -[0m
[0mGET /users/sign-up [32m200 [0m5.033 ms - 4983[0m
[0mGET /users/css/layout.css [33m404 [0m2.634 ms - 159[0m
[0mGET /users/sign-up [36m304 [0m2.796 ms - -[0m
[0mGET /users/sign-up [32m200 [0m3.970 ms - 4975[0m
[0mGET /users/css/layout.css [33m404 [0m2.464 ms - 159[0m
[0mGET /users/sign-up [36m304 [0m2.621 ms - -[0m
[0mGET /users/sign-up [32m200 [0m4.660 ms - 4971[0m
[0mGET /users/css/layout.css [33m404 [0m1.411 ms - 159[0m
[0mGET /users/sign-up [36m304 [0m4.598 ms - -[0m
[0mGET /users/sign-up [32m200 [0m3.987 ms - 4971[0m
[0mGET /users/css/layout.css [33m404 [0m1.754 ms - 159[0m
[0mGET /users/sign-up [36m304 [0m3.596 ms - -[0m
[0mGET /users/sign-up [32m200 [0m2.787 ms - 4983[0m
[0mGET /users/css/layout.css [33m404 [0m2.580 ms - 159[0m
[0mGET /users/sign-up [36m304 [0m3.072 ms - -[0m
[0mPOST /users/create [36m302 [0m7.233 ms - 72[0m
[0mGET /users/sign-in [36m304 [0m2.486 ms - -[0m
[0mGET /users/css/layout.css [33m404 [0m4.061 ms - 159[0m
[0mGET /users/sign-in [36m304 [0m5.556 ms - -[0m
[0mPOST /users/create-session [36m302 [0m6.065 ms - 46[0m
[0mGET / [32m200 [0m8.255 ms - 5957[0m
[0mGET / [32m200 [0m9.763 ms - 5811[0m
[0mGET / [32m200 [0m9.714 ms - 5809[0m
[0mGET / [36m304 [0m11.731 ms - -[0m
[0mGET /users/sign-out [36m302 [0m60.275 ms - 46[0m
[0mGET / [32m200 [0m15.790 ms - 5074[0m
[0mGET / [32m200 [0m8.810 ms - 4931[0m
[0mGET /users/sign-in [36m304 [0m5.074 ms - -[0m
[0mGET /users/css/layout.css [33m404 [0m4.331 ms - 159[0m
[0mGET /users/sign-in [36m304 [0m3.606 ms - -[0m
[0mPOST /users/create-session [36m302 [0m3.289 ms - 70[0m
[0mGET /company/home [32m200 [0m24.999 ms - 4758[0m
[0mGET /company/css/layout.css [33m404 [0m4.560 ms - 161[0m
[0mGET /company/home [32m200 [0m21.842 ms - 4612[0m
[0mGET /company/jobs [36m304 [0m7.592 ms - -[0m
[0mGET /company/css/layout.css [33m404 [0m4.480 ms - 161[0m
[0mGET /company/jobs [36m304 [0m6.161 ms - -[0m
[0mGET /company/jobs [36m304 [0m5.415 ms - -[0m
[0mGET /company/jobs [36m304 [0m7.908 ms - -[0m
[0mGET /company/jobs [36m304 [0m5.192 ms - -[0m
[0mGET /company/jobs [36m304 [0m5.322 ms - -[0m
[0mGET /company/home [36m304 [0m27.375 ms - -[0m
[0mGET /company/css/layout.css [33m404 [0m4.341 ms - 161[0m
[0mGET /company/home [36m304 [0m18.555 ms - -[0m
[0mGET /company/home [32m200 [0m16.181 ms - 4383[0m
[0mGET /company/css/layout.css [33m404 [0m4.241 ms - 161[0m
[0mGET /company/home [36m304 [0m18.217 ms - -[0m
[0mGET /users/sign-out [36m302 [0m5.212 ms - 46[0m
[0mGET / [32m200 [0m7.000 ms - 5074[0m
[0mGET / [32m200 [0m4.960 ms - 4931[0m
[0mGET /users/sign-in [36m304 [0m4.620 ms - -[0m
[0mGET /users/css/layout.css [33m404 [0m1.896 ms - 159[0m
[0mGET /users/sign-in [36m304 [0m4.821 ms - -[0m
[0mPOST /users/create-session [36m302 [0m4.418 ms - 46[0m
[0mGET / [32m200 [0m8.540 ms - 5955[0m
[0mGET / [32m200 [0m14.838 ms - 5809[0m
