[0mGET / [32m200 [0m2247.461 ms - 9394[0m
[0mGET / [32m200 [0m18.275 ms - 9394[0m
[0mGET / [32m200 [0m24.340 ms - 4287[0m
[0mGET / [36m304 [0m8.364 ms - -[0m
[0mGET /users/sign-up [32m200 [0m5.502 ms - 4301[0m
[0mGET /users/css/layout.css [33m404 [0m4.137 ms - 159[0m
[0mGET /users/sign-up [36m304 [0m4.954 ms - -[0m
[0mPOST /users/create [36m302 [0m17.979 ms - 72[0m
[0mGET /users/sign-in [32m200 [0m2.707 ms - 3975[0m
[0mGET /users/css/layout.css [33m404 [0m1.978 ms - 159[0m
[0mGET /users/sign-in [36m304 [0m3.483 ms - -[0m
[0mPOST /users/create-session [36m302 [0m7.441 ms - 46[0m
[0mGET / [32m200 [0m9.497 ms - 5278[0m
[0mGET / [32m200 [0m7.510 ms - 5132[0m
[0mGET /job/create [33m404 [0m3.422 ms - 149[0m
[0mGET /job/create [33m404 [0m2.928 ms - 149[0m
[0mGET /job/create [32m200 [0m24.815 ms - 3796[0m
[0mGET /job/css/layout.css [33m404 [0m5.217 ms - 157[0m
[0mGET /job/create [36m304 [0m4.976 ms - -[0m
[0mGET /job/create [32m200 [0m7.015 ms - 3796[0m
[0mGET /job/css/layout.css [33m404 [0m4.385 ms - 157[0m
[0mGET /job/create [36m304 [0m5.352 ms - -[0m
[0mGET /job/create [32m200 [0m4.744 ms - 3806[0m
[0mGET /job/css/layout.css [33m404 [0m2.990 ms - 157[0m
[0mGET /job/create [36m304 [0m6.125 ms - -[0m
[0mPOST /job/create_job [36m302 [0m36.870 ms - 108[0m
[0mGET /job/create [32m200 [0m12.880 ms - 3942[0m
[0mGET /job/css/layout.css [33m404 [0m5.840 ms - 157[0m
[0mGET /job/create [32m200 [0m4.268 ms - 3806[0m
[0mGET / [36m304 [0m17.072 ms - -[0m
[0mGET / [36m304 [0m6.880 ms - -[0m
[0mGET / [36m304 [0m33.835 ms - -[0m
[0mGET / [36m304 [0m7.995 ms - -[0m
[0mGET /users/sign-out [36m302 [0m9.471 ms - 46[0m
[0mGET / [32m200 [0m5.119 ms - 4549[0m
[0mGET / [32m200 [0m6.970 ms - 4406[0m
[0mGET /users/sign-up [32m200 [0m4.829 ms - 4512[0m
[0mGET /users/css/layout.css [33m404 [0m3.076 ms - 159[0m
[0mGET /users/sign-up [36m304 [0m4.012 ms - -[0m
[0mPOST /users/create [0m- [0m- ms - -[0m
[0mGET / [36m304 [0m30.711 ms - -[0m
[0mGET / [36m304 [0m7.389 ms - -[0m
[0mGET /users/sign-up [36m304 [0m5.714 ms - -[0m
[0mGET /users/css/layout.css [33m404 [0m3.661 ms - 159[0m
[0mGET /users/sign-up [36m304 [0m3.181 ms - -[0m
[0mGET /users/sign-up [36m304 [0m15.068 ms - -[0m
[0mPOST /users/create [36m302 [0m24.233 ms - 72[0m
[0mGET /users/sign-in [36m304 [0m5.570 ms - -[0m
[0mGET /users/css/layout.css [33m404 [0m3.240 ms - 159[0m
[0mGET /users/sign-in [36m304 [0m3.825 ms - -[0m
[0mPOST /users/create-session [36m302 [0m7.257 ms - 46[0m
[0mGET / [32m200 [0m17.322 ms - 5385[0m
[0mGET / [32m200 [0m8.725 ms - 5239[0m
[0mGET /users/sign-out [36m302 [0m3.780 ms - 46[0m
[0mGET / [32m200 [0m6.347 ms - 4667[0m
[0mGET / [32m200 [0m6.606 ms - 4524[0m
[0mGET /users/sign-up [36m304 [0m4.133 ms - -[0m
[0mGET /users/css/layout.css [33m404 [0m2.185 ms - 159[0m
[0mGET /users/sign-up [36m304 [0m2.891 ms - -[0m
[0mPOST /users/create [36m302 [0m8.626 ms - 72[0m
[0mGET /users/sign-in [36m304 [0m2.983 ms - -[0m
[0mGET /users/css/layout.css [33m404 [0m2.127 ms - 159[0m
[0mGET /users/sign-in [36m304 [0m3.052 ms - -[0m
[0mPOST /users/create-session [36m302 [0m5.150 ms - 46[0m
[0mGET / [32m200 [0m7.749 ms - 5514[0m
[0mGET / [32m200 [0m9.662 ms - 5368[0m
[0mGET / [32m200 [0m11.323 ms - 5178[0m
[0mGET / [36m304 [0m7.366 ms - -[0m
[0mGET / [32m200 [0m9.190 ms - 5293[0m
[0mGET / [36m304 [0m13.128 ms - -[0m
[0mGET / [32m200 [0m10.541 ms - 5406[0m
[0mGET / [36m304 [0m8.445 ms - -[0m
[0mGET /users/sign-out [36m302 [0m3.191 ms - 46[0m
[0mGET / [32m200 [0m5.844 ms - 4713[0m
[0mGET / [32m200 [0m5.619 ms - 4570[0m
[0mGET /users/sign-in [36m304 [0m6.021 ms - -[0m
[0mGET /users/css/layout.css [33m404 [0m2.074 ms - 159[0m
[0mGET /users/sign-in [36m304 [0m2.575 ms - -[0m
[0mPOST /users/create-session [36m302 [0m6.038 ms - 46[0m
[0mGET / [32m200 [0m7.469 ms - 5502[0m
[0mGET / [32m200 [0m8.405 ms - 5356[0m
[0mGET /users/sign-out [36m302 [0m21.261 ms - 46[0m
[0mGET / [32m200 [0m18.347 ms - 4713[0m
[0mGET / [32m200 [0m8.618 ms - 4570[0m
[0mGET /users/sign-in [36m304 [0m6.611 ms - -[0m
[0mGET /users/css/layout.css [33m404 [0m3.467 ms - 159[0m
[0mGET /users/sign-in [36m304 [0m3.247 ms - -[0m
[0mPOST /users/create-session [36m302 [0m4.144 ms - 46[0m
[0mGET / [32m200 [0m10.276 ms - 5552[0m
[0mGET / [32m200 [0m7.587 ms - 5406[0m
[0mGET /job/create [32m200 [0m6.202 ms - 4028[0m
[0mGET /job/css/layout.css [33m404 [0m2.524 ms - 157[0m
[0mGET /job/create [36m304 [0m4.854 ms - -[0m
[0mPOST /job/create_job [36m302 [0m12.204 ms - 108[0m
[0mGET /job/create [32m200 [0m4.104 ms - 4164[0m
[0mGET /job/css/layout.css [33m404 [0m3.126 ms - 157[0m
[0mGET /job/create [32m200 [0m4.888 ms - 4028[0m
[0mGET / [36m304 [0m9.423 ms - -[0m
[0mGET / [36m304 [0m7.167 ms - -[0m
[0mGET /users/sign-out [36m302 [0m21.272 ms - 46[0m
[0mGET / [32m200 [0m17.213 ms - 4713[0m
[0mGET /users/sign-out [36m302 [0m2.059 ms - 46[0m
[0mGET / [32m200 [0m6.958 ms - 4713[0m
[0mGET / [32m200 [0m5.781 ms - 4570[0m
[0mGET /users/sign-in [36m304 [0m4.601 ms - -[0m
[0mGET /users/css/layout.css [33m404 [0m3.471 ms - 159[0m
[0mGET /users/sign-in [36m304 [0m3.779 ms - -[0m
[0mPOST /users/create-session [36m302 [0m25.208 ms - 46[0m
[0mGET / [32m200 [0m9.318 ms - 5502[0m
[0mGET / [32m200 [0m8.601 ms - 5356[0m
[0mGET /users/sign-out [36m302 [0m4.287 ms - 46[0m
[0mGET / [32m200 [0m8.913 ms - 4713[0m
[0mGET / [32m200 [0m9.438 ms - 4570[0m
[0mGET /users/sign-in [36m304 [0m4.130 ms - -[0m
[0mGET /users/css/layout.css [33m404 [0m2.013 ms - 159[0m
[0mGET /users/sign-in [36m304 [0m2.645 ms - -[0m
[0mPOST /users/create-session [36m302 [0m22.779 ms - 46[0m
[0mGET / [32m200 [0m7.301 ms - 5552[0m
[0mGET / [32m200 [0m7.140 ms - 5406[0m
[0mGET / [32m200 [0m38.869 ms - 5272[0m
[0mGET / [36m304 [0m10.042 ms - -[0m
[0mGET /company/home [32m200 [0m6.139 ms - 3579[0m
[0mGET /company/css/layout.css [33m404 [0m4.250 ms - 161[0m
[0mGET /company/home [36m304 [0m4.512 ms - -[0m
[0mGET /users/sign-out [36m302 [0m7.397 ms - 46[0m
[0mGET / [32m200 [0m6.856 ms - 4579[0m
[0mGET / [32m200 [0m6.939 ms - 4436[0m
[0mGET /users/sign-in [36m304 [0m6.574 ms - -[0m
[0mGET /users/css/layout.css [33m404 [0m2.282 ms - 159[0m
[0mGET /users/sign-in [36m304 [0m4.789 ms - -[0m
[0mPOST /users/create-session [36m302 [0m3.162 ms - 70[0m
[0mGET /company/home [32m200 [0m5.517 ms - 3725[0m
[0mGET /company/css/layout.css [33m404 [0m2.737 ms - 161[0m
[0mGET /company/home [32m200 [0m4.102 ms - 3579[0m
[0mGET /users/sign-out [36m302 [0m4.369 ms - 46[0m
[0mGET / [32m200 [0m4.904 ms - 4579[0m
[0mGET / [32m200 [0m5.228 ms - 4436[0m
[0mGET /users/sign-in [36m304 [0m7.103 ms - -[0m
[0mGET /users/css/layout.css [33m404 [0m2.109 ms - 159[0m
[0mGET /users/sign-in [36m304 [0m3.127 ms - -[0m
[0mPOST /users/create-session [36m302 [0m4.568 ms - 46[0m
[0mGET / [32m200 [0m7.023 ms - 4583[0m
[0mGET / [32m200 [0m6.564 ms - 4436[0m
[0mGET /users/sign-in [36m304 [0m5.285 ms - -[0m
[0mGET /users/css/layout.css [33m404 [0m1.427 ms - 159[0m
[0mGET /users/sign-in [36m304 [0m3.479 ms - -[0m
[0mPOST /users/create-session [36m302 [0m4.478 ms - 46[0m
[0mGET / [32m200 [0m8.441 ms - 5357[0m
[0mGET / [32m200 [0m8.471 ms - 5211[0m
